<?xml version="1.0" encoding="UTF-8"?>
<testsuite xmlns:xsi="http://www.w3.org/2001/XMLSchema-instance" xsi:noNamespaceSchemaLocation="https://maven.apache.org/surefire/maven-surefire-plugin/xsd/surefire-test-report-3.0.xsd" version="3.0" name="models.UsuarioTest" time="0.199" tests="3" errors="0" skipped="0" failures="0">
  <properties>
[...]
</properties>
  <testcase name="testPublicarContenido" classname="models.UsuarioTest" time="0.086"/>
  <testcase name="testAgregarMiembroAlGrupo" classname="models.UsuarioTest" time="0.004"/>
  <testcase name="testValorarContenido" classname="models.UsuarioTest" time="0.058"/>
</testsuite>